{
  "stats": {
    "suites": 1,
    "tests": 2,
    "passes": 2,
    "pending": 0,
    "failures": 0,
    "start": "2022-03-14T03:12:02.688Z",
    "end": "2022-03-14T03:12:05.431Z",
    "duration": 2743,
    "testsRegistered": 2,
    "passPercent": 100,
    "pendingPercent": 0,
    "other": 0,
    "hasOther": false,
    "skipped": 0,
    "hasSkipped": false
  },
  "results": [
    {
      "uuid": "a71230cb-593d-47a1-9845-120d6783a611",
      "title": "",
      "fullFile": "cypress/integration/listagem.spec.js",
      "file": "cypress/integration/listagem.spec.js",
      "beforeHooks": [],
      "afterHooks": [],
      "tests": [],
      "suites": [
        {
          "uuid": "39b2648b-c19b-4c79-a02d-5cac24dcf6d6",
          "title": "Listagem",
          "fullFile": "",
          "file": "",
          "beforeHooks": [],
          "afterHooks": [],
          "tests": [
            {
              "title": "quando nao houver cadastros, entao a listagem deve estar vazia",
              "fullTitle": "Listagem quando nao houver cadastros, entao a listagem deve estar vazia",
              "timedOut": null,
              "duration": 737,
              "state": "passed",
              "speed": "fast",
              "pass": true,
              "fail": false,
              "pending": false,
              "context": null,
              "code": "cy.fixture('listagem-vazia').then(data => {\n  window.localStorage.setItem('data', JSON.stringify(data));\n});\ncy.visit('https://form-agilizei.netlify.app/listagem.html'); //deve conter o tamanho \ncy.get('table tbody tr').should('have.length', '0');",
              "err": {},
              "uuid": "f95e1788-2df3-449b-a608-83c62b358b22",
              "parentUUID": "39b2648b-c19b-4c79-a02d-5cac24dcf6d6",
              "isHook": false,
              "skipped": false
            },
            {
              "title": "quando houvber um ou mais cadastro, entao a listagem deve exibir cada registro",
              "fullTitle": "Listagem quando houvber um ou mais cadastro, entao a listagem deve exibir cada registro",
              "timedOut": null,
              "duration": 366,
              "state": "passed",
              "speed": "fast",
              "pass": true,
              "fail": false,
              "pending": false,
              "context": null,
              "code": "cy.fixture('listagem-com-itens').then(data => {\n  window.localStorage.setItem('data', JSON.stringify(data));\n});\ncy.visit('https://form-agilizei.netlify.app/listagem.html'); //deve conter o tamanho \ncy.get('table tbody tr').should('have.length', '2');",
              "err": {},
              "uuid": "69706ca0-06da-4787-9afc-2158b029a413",
              "parentUUID": "39b2648b-c19b-4c79-a02d-5cac24dcf6d6",
              "isHook": false,
              "skipped": false
            }
          ],
          "suites": [],
          "passes": [
            "f95e1788-2df3-449b-a608-83c62b358b22",
            "69706ca0-06da-4787-9afc-2158b029a413"
          ],
          "failures": [],
          "pending": [],
          "skipped": [],
          "duration": 1103,
          "root": false,
          "rootEmpty": false,
          "_timeout": 2000
        }
      ],
      "passes": [],
      "failures": [],
      "pending": [],
      "skipped": [],
      "duration": 0,
      "root": true,
      "rootEmpty": true,
      "_timeout": 2000
    }
  ],
  "meta": {
    "mocha": {
      "version": "7.0.1"
    },
    "mochawesome": {
      "options": {
        "quiet": true,
        "reportFilename": "mochawesome",
        "saveHtml": false,
        "saveJson": true,
        "consoleReporter": "spec",
        "useInlineDiffs": false,
        "code": true
      },
      "version": "7.1.2"
    },
    "marge": {
      "options": {
        "id": "default",
        "reportDir": "mochawesome-report",
        "quiet": true,
        "overwrite": false,
        "html": false,
        "json": true
      },
      "version": "6.1.1"
    }
  }
}